0 info it worked if it ends with ok
1 verbose cli [ '/usr/local/Cellar/node/5.0.0/bin/node',
1 verbose cli   '/usr/local/bin/npm',
1 verbose cli   'install',
1 verbose cli   'babel-loader',
1 verbose cli   'babel-react',
1 verbose cli   'browserify',
1 verbose cli   '--save' ]
2 info using npm@3.3.9
3 info using node@v5.0.0
4 silly loadCurrentTree Starting
5 silly install loadCurrentTree
6 silly install readLocalPackageData
7 silly fetchPackageMetaData babel-loader
8 silly fetchPackageMetaData babel-react
9 silly fetchPackageMetaData browserify
10 silly fetchNamedPackageData babel-loader
11 silly mapToRegistry name babel-loader
12 silly mapToRegistry using default registry
13 silly mapToRegistry registry https://registry.npmjs.org/
14 silly mapToRegistry uri https://registry.npmjs.org/babel-loader
15 silly fetchNamedPackageData babel-react
16 silly mapToRegistry name babel-react
17 silly mapToRegistry using default registry
18 silly mapToRegistry registry https://registry.npmjs.org/
19 silly mapToRegistry uri https://registry.npmjs.org/babel-react
20 silly fetchNamedPackageData browserify
21 silly mapToRegistry name browserify
22 silly mapToRegistry using default registry
23 silly mapToRegistry registry https://registry.npmjs.org/
24 silly mapToRegistry uri https://registry.npmjs.org/browserify
25 verbose request uri https://registry.npmjs.org/babel-react
26 verbose request no auth needed
27 info attempt registry request try #1 at 11:03:38 AM
28 verbose request id 0b54676713b98bed
29 http request GET https://registry.npmjs.org/babel-react
30 verbose request uri https://registry.npmjs.org/babel-loader
31 verbose request no auth needed
32 info attempt registry request try #1 at 11:03:38 AM
33 verbose etag "BCB10K0VQ9JBK4U21G9EVIPWN"
34 http request GET https://registry.npmjs.org/babel-loader
35 verbose request uri https://registry.npmjs.org/browserify
36 verbose request no auth needed
37 info attempt registry request try #1 at 11:03:38 AM
38 verbose etag "AN6VEL60AW2LYEZ1QY5K3OWBL"
39 http request GET https://registry.npmjs.org/browserify
40 http 404 https://registry.npmjs.org/babel-react
41 verbose headers { 'content-type': 'application/json',
41 verbose headers   'cache-control': 'max-age=0',
41 verbose headers   'content-length': '2',
41 verbose headers   'accept-ranges': 'bytes',
41 verbose headers   date: 'Sun, 03 Apr 2016 17:03:39 GMT',
41 verbose headers   via: '1.1 varnish',
41 verbose headers   age: '0',
41 verbose headers   connection: 'keep-alive',
41 verbose headers   'x-served-by': 'cache-ord1730-ORD',
41 verbose headers   'x-cache': 'MISS',
41 verbose headers   'x-cache-hits': '0',
41 verbose headers   'x-timer': 'S1459703018.937687,VS0,VE145' }
42 silly get cb [ 404,
42 silly get   { 'content-type': 'application/json',
42 silly get     'cache-control': 'max-age=0',
42 silly get     'content-length': '2',
42 silly get     'accept-ranges': 'bytes',
42 silly get     date: 'Sun, 03 Apr 2016 17:03:39 GMT',
42 silly get     via: '1.1 varnish',
42 silly get     age: '0',
42 silly get     connection: 'keep-alive',
42 silly get     'x-served-by': 'cache-ord1730-ORD',
42 silly get     'x-cache': 'MISS',
42 silly get     'x-cache-hits': '0',
42 silly get     'x-timer': 'S1459703018.937687,VS0,VE145' } ]
43 silly fetchPackageMetaData Error: Registry returned 404 for GET on https://registry.npmjs.org/babel-react
43 silly fetchPackageMetaData     at makeError (/usr/local/lib/node_modules/npm/node_modules/npm-registry-client/lib/request.js:264:12)
43 silly fetchPackageMetaData     at CachingRegistryClient.<anonymous> (/usr/local/lib/node_modules/npm/node_modules/npm-registry-client/lib/request.js:242:14)
43 silly fetchPackageMetaData     at Request._callback (/usr/local/lib/node_modules/npm/node_modules/npm-registry-client/lib/request.js:172:14)
43 silly fetchPackageMetaData     at Request.self.callback (/usr/local/lib/node_modules/npm/node_modules/request/request.js:198:22)
43 silly fetchPackageMetaData     at emitTwo (events.js:87:13)
43 silly fetchPackageMetaData     at Request.emit (events.js:172:7)
43 silly fetchPackageMetaData     at Request.<anonymous> (/usr/local/lib/node_modules/npm/node_modules/request/request.js:1082:10)
43 silly fetchPackageMetaData     at emitOne (events.js:82:20)
43 silly fetchPackageMetaData     at Request.emit (events.js:169:7)
43 silly fetchPackageMetaData     at IncomingMessage.<anonymous> (/usr/local/lib/node_modules/npm/node_modules/request/request.js:1009:12)
43 silly fetchPackageMetaData  error for babel-react { [Error: Registry returned 404 for GET on https://registry.npmjs.org/babel-react] pkgid: 'babel-react', statusCode: 404, code: 'E404' }
44 http 200 https://registry.npmjs.org/babel-loader
45 verbose headers { server: 'CouchDB/1.5.0 (Erlang OTP/R16B03)',
45 verbose headers   etag: '"2U4J2T9NIHQBEOXUW1D9Y4Y0U"',
45 verbose headers   'content-type': 'application/json',
45 verbose headers   'cache-control': 'max-age=300',
45 verbose headers   'content-length': '46651',
45 verbose headers   'accept-ranges': 'bytes',
45 verbose headers   date: 'Sun, 03 Apr 2016 17:03:39 GMT',
45 verbose headers   via: '1.1 varnish',
45 verbose headers   age: '0',
45 verbose headers   connection: 'keep-alive',
45 verbose headers   'x-served-by': 'cache-ord1748-ORD',
45 verbose headers   'x-cache': 'HIT',
45 verbose headers   'x-cache-hits': '1',
45 verbose headers   'x-timer': 'S1459703018.940337,VS0,VE148',
45 verbose headers   vary: 'Accept' }
46 silly get cb [ 200,
46 silly get   { server: 'CouchDB/1.5.0 (Erlang OTP/R16B03)',
46 silly get     etag: '"2U4J2T9NIHQBEOXUW1D9Y4Y0U"',
46 silly get     'content-type': 'application/json',
46 silly get     'cache-control': 'max-age=300',
46 silly get     'content-length': '46651',
46 silly get     'accept-ranges': 'bytes',
46 silly get     date: 'Sun, 03 Apr 2016 17:03:39 GMT',
46 silly get     via: '1.1 varnish',
46 silly get     age: '0',
46 silly get     connection: 'keep-alive',
46 silly get     'x-served-by': 'cache-ord1748-ORD',
46 silly get     'x-cache': 'HIT',
46 silly get     'x-cache-hits': '1',
46 silly get     'x-timer': 'S1459703018.940337,VS0,VE148',
46 silly get     vary: 'Accept' } ]
47 verbose get saving babel-loader to /Users/joshsilverstein/.npm/registry.npmjs.org/babel-loader/.cache.json
48 http 200 https://registry.npmjs.org/browserify
49 verbose headers { server: 'CouchDB/1.5.0 (Erlang OTP/R16B03)',
49 verbose headers   etag: '"5WSLR1EWO7O64B2IO1FBF68FC"',
49 verbose headers   'content-type': 'application/json',
49 verbose headers   'cache-control': 'max-age=300',
49 verbose headers   'content-length': '858884',
49 verbose headers   'accept-ranges': 'bytes',
49 verbose headers   date: 'Sun, 03 Apr 2016 17:03:38 GMT',
49 verbose headers   via: '1.1 varnish',
49 verbose headers   age: '275',
49 verbose headers   connection: 'keep-alive',
49 verbose headers   'x-served-by': 'cache-ord1744-ORD',
49 verbose headers   'x-cache': 'HIT',
49 verbose headers   'x-cache-hits': '1',
49 verbose headers   'x-timer': 'S1459703018.958070,VS0,VE2',
49 verbose headers   vary: 'Accept' }
50 silly get cb [ 200,
50 silly get   { server: 'CouchDB/1.5.0 (Erlang OTP/R16B03)',
50 silly get     etag: '"5WSLR1EWO7O64B2IO1FBF68FC"',
50 silly get     'content-type': 'application/json',
50 silly get     'cache-control': 'max-age=300',
50 silly get     'content-length': '858884',
50 silly get     'accept-ranges': 'bytes',
50 silly get     date: 'Sun, 03 Apr 2016 17:03:38 GMT',
50 silly get     via: '1.1 varnish',
50 silly get     age: '275',
50 silly get     connection: 'keep-alive',
50 silly get     'x-served-by': 'cache-ord1744-ORD',
50 silly get     'x-cache': 'HIT',
50 silly get     'x-cache-hits': '1',
50 silly get     'x-timer': 'S1459703018.958070,VS0,VE2',
50 silly get     vary: 'Accept' } ]
51 verbose get saving browserify to /Users/joshsilverstein/.npm/registry.npmjs.org/browserify/.cache.json
52 silly rollbackFailedOptional Starting
53 silly rollbackFailedOptional Finishing
54 silly runTopLevelLifecycles Starting
55 silly runTopLevelLifecycles Finishing
56 silly install printInstalled
57 verbose stack Error: Registry returned 404 for GET on https://registry.npmjs.org/babel-react
57 verbose stack     at makeError (/usr/local/lib/node_modules/npm/node_modules/npm-registry-client/lib/request.js:264:12)
57 verbose stack     at CachingRegistryClient.<anonymous> (/usr/local/lib/node_modules/npm/node_modules/npm-registry-client/lib/request.js:242:14)
57 verbose stack     at Request._callback (/usr/local/lib/node_modules/npm/node_modules/npm-registry-client/lib/request.js:172:14)
57 verbose stack     at Request.self.callback (/usr/local/lib/node_modules/npm/node_modules/request/request.js:198:22)
57 verbose stack     at emitTwo (events.js:87:13)
57 verbose stack     at Request.emit (events.js:172:7)
57 verbose stack     at Request.<anonymous> (/usr/local/lib/node_modules/npm/node_modules/request/request.js:1082:10)
57 verbose stack     at emitOne (events.js:82:20)
57 verbose stack     at Request.emit (events.js:169:7)
57 verbose stack     at IncomingMessage.<anonymous> (/usr/local/lib/node_modules/npm/node_modules/request/request.js:1009:12)
58 verbose statusCode 404
59 verbose pkgid babel-react
60 verbose cwd /Users/joshsilverstein/workspace/capstone/friendFinder
61 error Darwin 15.0.0
62 error argv "/usr/local/Cellar/node/5.0.0/bin/node" "/usr/local/bin/npm" "install" "babel-loader" "babel-react" "browserify" "--save"
63 error node v5.0.0
64 error npm  v3.3.9
65 error code E404
66 error 404 Registry returned 404 for GET on https://registry.npmjs.org/babel-react
66 error 404
66 error 404 'babel-react' is not in the npm registry.
66 error 404 You should bug the author to publish it (or use the name yourself!)
66 error 404
66 error 404 Note that you can also install from a
66 error 404 tarball, folder, http url, or git url.
67 verbose exit [ 1, true ]
